<?xml version="1.0" encoding="UTF-8"?>
<!-- Generated by org.testng.reporters.JUnitXMLReporter -->
<testsuite ignored="0" hostname="DESKTOP-M34RMDV" failures="0" tests="3" name="Test-Runner-Chrome" time="119.563" errors="0" timestamp="2021-08-24T22:04:15 IST">
  <testcase classname="com.vtiger.comcast.leadsTest.NavigateToLeadPageTest" name="navigateToLeadPageTest" time="17.431"/>
  <testcase classname="com.vtiger.comcast.leadsTest.NavigateToLeadPageTest" name="CreateNewLeadByFillAllTheMandotoryFieldsAndSaveTest" time="22.991"/>
  <testcase classname="com.vtiger.comcast.leadsTest.NavigateToLeadPageTest" name="CreateNewLeadByFillAllTheFieldsAndSaveTest" time="19.727"/>
</testsuite> <!-- Test-Runner-Chrome -->
