<?xml version="1.0" encoding="UTF-8"?>
<!-- Generated by org.testng.reporters.JUnitReportReporter -->
<testsuite hostname="DESKTOP-M34RMDV" failures="0" tests="1" name="vtiger.Sample" time="11.682" errors="0" timestamp="2021-08-25T14:27:14 IST" skipped="0">
  <testcase classname="vtiger.Sample" name="Sample" time="11.682"/>
  <system-out/>
</testsuite> <!-- vtiger.Sample -->
