<?xml version="1.0" encoding="UTF-8"?>
<!-- Generated by org.testng.reporters.JUnitReportReporter -->
<testsuite hostname="DESKTOP-M34RMDV" failures="0" tests="3" name="com.vtiger.comcast.ContactPageTest.CreateContactPageTest" time="59.497" errors="0" timestamp="2021-08-24T21:05:03 IST" skipped="0">
  <testcase classname="com.vtiger.comcast.ContactPageTest.CreateContactPageTest" name="createContactWithIndustries" time="31.642"/>
  <system-out/>
  <testcase classname="com.vtiger.comcast.ContactPageTest.CreateContactPageTest" name="createContact" time="14.631"/>
  <system-out/>
  <testcase classname="com.vtiger.comcast.ContactPageTest.CreateContactPageTest" name="ceateContactWithOrg" time="13.224"/>
  <system-out/>
</testsuite> <!-- com.vtiger.comcast.ContactPageTest.CreateContactPageTest -->
