<?xml version="1.0" encoding="UTF-8"?>
<!-- Generated by org.testng.reporters.JUnitReportReporter -->
<testsuite hostname="DESKTOP-M34RMDV" failures="0" tests="1" name="com.vtiger.comcast.leadsTest.NavigateToLeadPageTest" time="18.450" errors="0" timestamp="2021-08-27T23:57:29 IST" skipped="0">
  <testcase classname="com.vtiger.comcast.leadsTest.NavigateToLeadPageTest" name="navigateToLeadPageTest" time="18.450"/>
  <system-out/>
</testsuite> <!-- com.vtiger.comcast.leadsTest.NavigateToLeadPageTest -->
