<?xml version="1.0" encoding="UTF-8"?>
<!-- Generated by org.testng.reporters.JUnitReportReporter -->
<testsuite hostname="DESKTOP-M34RMDV" failures="0" tests="1" name="vtiger.demo" time="0.018" errors="0" timestamp="2021-08-20T20:46:30 IST" skipped="0">
  <testcase classname="vtiger.demo" name="add" time="0.018"/>
  <system-out/>
</testsuite> <!-- vtiger.demo -->
