<?xml version="1.0" encoding="UTF-8"?>
<!-- Generated by org.testng.reporters.JUnitReportReporter -->
<testsuite hostname="DESKTOP-M34RMDV" failures="0" tests="1" name="com.vtiger.comcast.leadsTest.CreateNewLeadByFillAllTheMandotoryFieldsAndSave" time="37.142" errors="0" timestamp="2021-08-23T09:39:16 IST" skipped="0">
  <testcase classname="com.vtiger.comcast.leadsTest.CreateNewLeadByFillAllTheMandotoryFieldsAndSave" name="CreateNewLeadByFillAllTheMandotoryFieldsAndSaveTest" time="37.142"/>
  <system-out/>
</testsuite> <!-- com.vtiger.comcast.leadsTest.CreateNewLeadByFillAllTheMandotoryFieldsAndSave -->
